2025-11-10 15:17:59 INFO  [restartedMain] c.l.LakshmiGarmentsApplication - Starting LakshmiGarmentsApplication using Java 21.0.8 with PID 42804 (C:\Users\KEX1COB\Desktop\PERSONAL\LG\lakshmi-garments-backend\target\classes started by KEX1COB in C:\Users\KEX1COB\Desktop\PERSONAL\LG\lakshmi-garments-backend)
2025-11-10 15:17:59 INFO  [restartedMain] c.l.LakshmiGarmentsApplication - No active profile set, falling back to 1 default profile: "default"
2025-11-10 15:18:01 INFO  [restartedMain] o.s.d.r.c.RepositoryConfigurationDelegate - Bootstrapping Spring Data JPA repositories in DEFAULT mode.
2025-11-10 15:18:01 INFO  [restartedMain] o.s.d.r.c.RepositoryConfigurationDelegate - Finished Spring Data repository scanning in 23 ms. Found 22 JPA repository interfaces.
2025-11-10 15:18:01 INFO  [restartedMain] o.s.b.w.e.tomcat.TomcatWebServer - Tomcat initialized with port 8080 (http)
2025-11-10 15:18:01 INFO  [restartedMain] o.a.catalina.core.StandardService - Starting service [Tomcat]
2025-11-10 15:18:01 INFO  [restartedMain] o.a.catalina.core.StandardEngine - Starting Servlet engine: [Apache Tomcat/10.1.34]
2025-11-10 15:18:01 INFO  [restartedMain] o.a.c.c.C.[Tomcat].[localhost].[/] - Initializing Spring embedded WebApplicationContext
2025-11-10 15:18:01 INFO  [restartedMain] o.s.b.w.s.c.ServletWebServerApplicationContext - Root WebApplicationContext: initialization completed in 1296 ms
2025-11-10 15:18:01 INFO  [restartedMain] o.h.jpa.internal.util.LogHelper - HHH000204: Processing PersistenceUnitInfo [name: default]
2025-11-10 15:18:01 INFO  [restartedMain] o.h.c.i.RegionFactoryInitiator - HHH000026: Second-level cache disabled
2025-11-10 15:18:01 INFO  [restartedMain] o.s.o.j.p.SpringPersistenceUnitInfo - No LoadTimeWeaver setup: ignoring JPA class transformer
2025-11-10 15:18:01 INFO  [restartedMain] com.zaxxer.hikari.HikariDataSource - HikariPool-7 - Starting...
2025-11-10 15:18:01 INFO  [restartedMain] com.zaxxer.hikari.pool.HikariPool - HikariPool-7 - Added connection com.mysql.cj.jdbc.ConnectionImpl@8ba759e
2025-11-10 15:18:01 INFO  [restartedMain] com.zaxxer.hikari.HikariDataSource - HikariPool-7 - Start completed.
2025-11-10 15:18:01 WARN  [restartedMain] org.hibernate.orm.deprecation - HHH90000025: MySQL8Dialect does not need to be specified explicitly using 'hibernate.dialect' (remove the property setting and it will be selected by default)
2025-11-10 15:18:01 WARN  [restartedMain] org.hibernate.orm.deprecation - HHH90000026: MySQL8Dialect has been deprecated; use org.hibernate.dialect.MySQLDialect instead
2025-11-10 15:18:01 INFO  [restartedMain] o.hibernate.orm.connections.pooling - HHH10001005: Database info:
	Database JDBC URL [Connecting through datasource 'HikariDataSource (HikariPool-7)']
	Database driver: undefined/unknown
	Database version: 8.0
	Autocommit mode: undefined/unknown
	Isolation level: undefined/unknown
	Minimum pool size: undefined/unknown
	Maximum pool size: undefined/unknown
2025-11-10 15:18:01 INFO  [restartedMain] o.h.e.t.j.p.i.JtaPlatformInitiator - HHH000489: No JTA platform available (set 'hibernate.transaction.jta.platform' to enable JTA platform integration)
2025-11-10 15:18:01 INFO  [restartedMain] o.s.o.j.LocalContainerEntityManagerFactoryBean - Initialized JPA EntityManagerFactory for persistence unit 'default'
2025-11-10 15:18:01 WARN  [restartedMain] o.s.b.a.o.j.JpaBaseConfiguration$JpaWebConfiguration - spring.jpa.open-in-view is enabled by default. Therefore, database queries may be performed during view rendering. Explicitly configure spring.jpa.open-in-view to disable this warning
2025-11-10 15:18:01 INFO  [restartedMain] o.s.b.a.w.s.WelcomePageHandlerMapping - Adding welcome page: class path resource [static/index.html]
2025-11-10 15:18:01 INFO  [restartedMain] o.s.b.d.a.OptionalLiveReloadServer - LiveReload server is running on port 35729
2025-11-10 15:18:01 INFO  [restartedMain] o.s.b.w.e.tomcat.TomcatWebServer - Tomcat started on port 8080 (http) with context path '/'
2025-11-10 15:18:01 INFO  [restartedMain] c.l.LakshmiGarmentsApplication - Started LakshmiGarmentsApplication in 1.8 seconds (process running for 9178.288)
2025-11-10 15:18:01 INFO  [restartedMain] o.s.b.d.a.ConditionEvaluationDeltaLoggingListener - Condition evaluation unchanged
2025-11-10 15:18:07 INFO  [RMI TCP Connection(160)-127.0.0.1] o.s.b.a.SpringApplicationAdminMXBeanRegistrar$SpringApplicationAdmin - Application shutdown requested.
2025-11-10 15:18:07 INFO  [RMI TCP Connection(160)-127.0.0.1] o.s.b.w.e.tomcat.GracefulShutdown - Commencing graceful shutdown. Waiting for active requests to complete
2025-11-10 15:18:07 INFO  [tomcat-shutdown] o.s.b.w.e.tomcat.GracefulShutdown - Graceful shutdown complete
2025-11-10 15:18:07 INFO  [RMI TCP Connection(160)-127.0.0.1] o.s.o.j.LocalContainerEntityManagerFactoryBean - Closing JPA EntityManagerFactory for persistence unit 'default'
2025-11-10 15:18:07 INFO  [RMI TCP Connection(160)-127.0.0.1] com.zaxxer.hikari.HikariDataSource - HikariPool-7 - Shutdown initiated...
2025-11-10 15:18:07 INFO  [RMI TCP Connection(160)-127.0.0.1] com.zaxxer.hikari.HikariDataSource - HikariPool-7 - Shutdown completed.
2025-11-10 15:19:08 INFO  [restartedMain] c.l.LakshmiGarmentsApplication - Starting LakshmiGarmentsApplication using Java 21.0.8 with PID 35560 (C:\Users\KEX1COB\Desktop\PERSONAL\LG\lakshmi-garments-backend\target\classes started by KEX1COB in C:\Users\KEX1COB\Desktop\PERSONAL\LG\lakshmi-garments-backend)
2025-11-10 15:19:08 INFO  [restartedMain] c.l.LakshmiGarmentsApplication - No active profile set, falling back to 1 default profile: "default"
2025-11-10 15:19:08 INFO  [restartedMain] o.s.b.d.e.DevToolsPropertyDefaultsPostProcessor - Devtools property defaults active! Set 'spring.devtools.add-properties' to 'false' to disable
2025-11-10 15:19:08 INFO  [restartedMain] o.s.b.d.e.DevToolsPropertyDefaultsPostProcessor - For additional web related logging consider setting the 'logging.level.web' property to 'DEBUG'
2025-11-10 15:19:08 INFO  [restartedMain] o.s.d.r.c.RepositoryConfigurationDelegate - Bootstrapping Spring Data JPA repositories in DEFAULT mode.
2025-11-10 15:19:08 INFO  [restartedMain] o.s.d.r.c.RepositoryConfigurationDelegate - Finished Spring Data repository scanning in 65 ms. Found 22 JPA repository interfaces.
2025-11-10 15:19:09 INFO  [restartedMain] o.s.b.w.e.tomcat.TomcatWebServer - Tomcat initialized with port 8080 (http)
2025-11-10 15:19:09 INFO  [restartedMain] o.a.catalina.core.StandardService - Starting service [Tomcat]
2025-11-10 15:19:09 INFO  [restartedMain] o.a.catalina.core.StandardEngine - Starting Servlet engine: [Apache Tomcat/10.1.34]
2025-11-10 15:19:09 INFO  [restartedMain] o.a.c.c.C.[Tomcat].[localhost].[/] - Initializing Spring embedded WebApplicationContext
2025-11-10 15:19:09 INFO  [restartedMain] o.s.b.w.s.c.ServletWebServerApplicationContext - Root WebApplicationContext: initialization completed in 790 ms
2025-11-10 15:19:09 INFO  [restartedMain] o.h.jpa.internal.util.LogHelper - HHH000204: Processing PersistenceUnitInfo [name: default]
2025-11-10 15:19:09 INFO  [restartedMain] org.hibernate.Version - HHH000412: Hibernate ORM core version 6.6.4.Final
2025-11-10 15:19:09 INFO  [restartedMain] o.h.c.i.RegionFactoryInitiator - HHH000026: Second-level cache disabled
2025-11-10 15:19:09 INFO  [restartedMain] o.s.o.j.p.SpringPersistenceUnitInfo - No LoadTimeWeaver setup: ignoring JPA class transformer
2025-11-10 15:19:09 INFO  [restartedMain] com.zaxxer.hikari.HikariDataSource - HikariPool-1 - Starting...
2025-11-10 15:19:09 INFO  [restartedMain] com.zaxxer.hikari.pool.HikariPool - HikariPool-1 - Added connection com.mysql.cj.jdbc.ConnectionImpl@6d064478
2025-11-10 15:19:09 INFO  [restartedMain] com.zaxxer.hikari.HikariDataSource - HikariPool-1 - Start completed.
2025-11-10 15:19:09 WARN  [restartedMain] org.hibernate.orm.deprecation - HHH90000025: MySQL8Dialect does not need to be specified explicitly using 'hibernate.dialect' (remove the property setting and it will be selected by default)
2025-11-10 15:19:09 WARN  [restartedMain] org.hibernate.orm.deprecation - HHH90000026: MySQL8Dialect has been deprecated; use org.hibernate.dialect.MySQLDialect instead
2025-11-10 15:19:09 INFO  [restartedMain] o.hibernate.orm.connections.pooling - HHH10001005: Database info:
	Database JDBC URL [Connecting through datasource 'HikariDataSource (HikariPool-1)']
	Database driver: undefined/unknown
	Database version: 8.0
	Autocommit mode: undefined/unknown
	Isolation level: undefined/unknown
	Minimum pool size: undefined/unknown
	Maximum pool size: undefined/unknown
2025-11-10 15:19:10 INFO  [restartedMain] o.h.e.t.j.p.i.JtaPlatformInitiator - HHH000489: No JTA platform available (set 'hibernate.transaction.jta.platform' to enable JTA platform integration)
2025-11-10 15:19:10 INFO  [restartedMain] o.s.o.j.LocalContainerEntityManagerFactoryBean - Initialized JPA EntityManagerFactory for persistence unit 'default'
2025-11-10 15:19:10 INFO  [restartedMain] o.s.d.j.r.query.QueryEnhancerFactory - Hibernate is in classpath; If applicable, HQL parser will be used.
2025-11-10 15:19:11 WARN  [restartedMain] o.s.b.a.o.j.JpaBaseConfiguration$JpaWebConfiguration - spring.jpa.open-in-view is enabled by default. Therefore, database queries may be performed during view rendering. Explicitly configure spring.jpa.open-in-view to disable this warning
2025-11-10 15:19:12 INFO  [restartedMain] o.s.b.a.w.s.WelcomePageHandlerMapping - Adding welcome page: class path resource [static/index.html]
2025-11-10 15:19:12 INFO  [restartedMain] o.s.b.d.a.OptionalLiveReloadServer - LiveReload server is running on port 35729
2025-11-10 15:19:12 INFO  [restartedMain] o.s.b.w.e.tomcat.TomcatWebServer - Tomcat started on port 8080 (http) with context path '/'
2025-11-10 15:19:12 INFO  [restartedMain] c.l.LakshmiGarmentsApplication - Started LakshmiGarmentsApplication in 4.162 seconds (process running for 4.695)
2025-11-10 15:22:21 INFO  [http-nio-8080-exec-1] o.a.c.c.C.[Tomcat].[localhost].[/] - Initializing Spring DispatcherServlet 'dispatcherServlet'
2025-11-10 15:22:21 INFO  [http-nio-8080-exec-1] o.s.web.servlet.DispatcherServlet - Initializing Servlet 'dispatcherServlet'
2025-11-10 15:22:21 INFO  [http-nio-8080-exec-1] o.s.web.servlet.DispatcherServlet - Completed initialization in 1 ms
2025-11-10 15:22:22 WARN  [http-nio-8080-exec-1] o.s.w.s.m.s.DefaultHandlerExceptionResolver - Resolved [org.springframework.web.HttpRequestMethodNotSupportedException: Request method 'GET' is not supported]
2025-11-10 15:22:33 INFO  [http-nio-8080-exec-4] c.l.controller.CategoryController - Received request to fetch all categories with search: null
2025-11-10 15:22:33 INFO  [http-nio-8080-exec-6] c.l.controller.SupplierController - Received request to fetch all suppliers with search: null
2025-11-10 15:22:33 INFO  [http-nio-8080-exec-3] c.l.controller.TransportController - Received request to fetch all transports with search: null
2025-11-10 15:22:33 INFO  [http-nio-8080-exec-5] c.l.controller.SubCategoryController - Received request to fetch all sub categories with search: null
2025-11-10 15:22:33 INFO  [http-nio-8080-exec-5] c.l.controller.SubCategoryController - Returning 1 sub category(s)
2025-11-10 15:22:33 INFO  [http-nio-8080-exec-4] c.l.controller.CategoryController - Returning 1 category(s)
2025-11-10 15:22:33 INFO  [http-nio-8080-exec-6] c.l.controller.SupplierController - Returning 1 supplier(s)
2025-11-10 15:22:33 INFO  [http-nio-8080-exec-3] c.l.controller.TransportController - Returning 1 transport(s)
2025-11-10 15:22:33 INFO  [http-nio-8080-exec-10] c.l.controller.TransportController - Received request to fetch all transports with search: null
2025-11-10 15:22:33 INFO  [http-nio-8080-exec-1] c.l.controller.SubCategoryController - Received request to fetch all sub categories with search: null
2025-11-10 15:22:33 INFO  [http-nio-8080-exec-9] c.l.controller.CategoryController - Received request to fetch all categories with search: null
2025-11-10 15:22:33 INFO  [http-nio-8080-exec-8] c.l.controller.SupplierController - Received request to fetch all suppliers with search: null
2025-11-10 15:22:33 INFO  [http-nio-8080-exec-8] c.l.controller.SupplierController - Returning 1 supplier(s)
2025-11-10 15:22:33 INFO  [http-nio-8080-exec-10] c.l.controller.TransportController - Returning 1 transport(s)
2025-11-10 15:22:33 INFO  [http-nio-8080-exec-9] c.l.controller.CategoryController - Returning 1 category(s)
2025-11-10 15:22:33 INFO  [http-nio-8080-exec-1] c.l.controller.SubCategoryController - Returning 1 sub category(s)
2025-11-10 15:22:44 INFO  [http-nio-8080-exec-3] c.l.controller.RoleController - Fetching all roles
2025-11-10 15:22:44 INFO  [http-nio-8080-exec-4] c.l.controller.UserController - Fetching all users
2025-11-10 15:22:44 INFO  [http-nio-8080-exec-3] c.l.service.RoleService - Retrieved 3 roles
2025-11-10 15:22:44 INFO  [http-nio-8080-exec-4] c.l.service.UserService - Fetching paginated users
2025-11-10 15:22:44 INFO  [http-nio-8080-exec-8] c.l.controller.RoleController - Fetching all roles
2025-11-10 15:22:44 INFO  [http-nio-8080-exec-8] c.l.service.RoleService - Retrieved 3 roles
2025-11-10 15:22:44 INFO  [http-nio-8080-exec-4] c.l.service.UserService - Fetched paginated users successfully
2025-11-10 15:22:44 WARN  [http-nio-8080-exec-4] o.s.d.w.c.SpringDataJacksonConfiguration$PageModule$WarningLoggingModifier - Serializing PageImpl instances as-is is not supported, meaning that there is no guarantee about the stability of the resulting JSON structure!
	For a stable JSON structure, please use Spring Data's PagedModel (globally via @EnableSpringDataWebSupport(pageSerializationMode = VIA_DTO))
	or Spring HATEOAS and Spring Data's PagedResourcesAssembler as documented in https://docs.spring.io/spring-data/commons/reference/repositories/core-extensions.html#core.web.pageables.

2025-11-10 15:22:44 INFO  [http-nio-8080-exec-10] c.l.controller.UserController - Fetching all users
2025-11-10 15:22:44 INFO  [http-nio-8080-exec-10] c.l.service.UserService - Fetching paginated users
2025-11-10 15:22:44 INFO  [http-nio-8080-exec-10] c.l.service.UserService - Fetched paginated users successfully
2025-11-10 15:23:35 INFO  [http-nio-8080-exec-7] c.l.controller.RoleController - Fetching all roles
2025-11-10 15:23:35 INFO  [http-nio-8080-exec-2] c.l.controller.UserController - Fetching all users
2025-11-10 15:23:35 INFO  [http-nio-8080-exec-2] c.l.service.UserService - Fetching paginated users
2025-11-10 15:23:35 INFO  [http-nio-8080-exec-7] c.l.service.RoleService - Retrieved 3 roles
2025-11-10 15:23:35 INFO  [http-nio-8080-exec-2] c.l.service.UserService - Fetched paginated users successfully
2025-11-10 15:23:36 INFO  [http-nio-8080-exec-8] c.l.controller.RoleController - Fetching all roles
2025-11-10 15:23:36 INFO  [http-nio-8080-exec-3] c.l.controller.UserController - Fetching all users
2025-11-10 15:23:36 INFO  [http-nio-8080-exec-3] c.l.service.UserService - Fetching paginated users
2025-11-10 15:23:36 INFO  [http-nio-8080-exec-8] c.l.service.RoleService - Retrieved 3 roles
2025-11-10 15:23:36 INFO  [http-nio-8080-exec-3] c.l.service.UserService - Fetched paginated users successfully
2025-11-10 15:23:36 INFO  [http-nio-8080-exec-10] c.l.controller.RoleController - Fetching all roles
2025-11-10 15:23:36 INFO  [http-nio-8080-exec-1] c.l.controller.UserController - Fetching all users
2025-11-10 15:23:36 INFO  [http-nio-8080-exec-1] c.l.service.UserService - Fetching paginated users
2025-11-10 15:23:36 INFO  [http-nio-8080-exec-10] c.l.service.RoleService - Retrieved 3 roles
2025-11-10 15:23:36 INFO  [http-nio-8080-exec-1] c.l.service.UserService - Fetched paginated users successfully
2025-11-10 15:23:36 INFO  [http-nio-8080-exec-6] c.l.controller.RoleController - Fetching all roles
2025-11-10 15:23:36 INFO  [http-nio-8080-exec-5] c.l.controller.UserController - Fetching all users
2025-11-10 15:23:36 INFO  [http-nio-8080-exec-5] c.l.service.UserService - Fetching paginated users
2025-11-10 15:23:36 INFO  [http-nio-8080-exec-6] c.l.service.RoleService - Retrieved 3 roles
2025-11-10 15:23:36 INFO  [http-nio-8080-exec-5] c.l.service.UserService - Fetched paginated users successfully
2025-11-10 15:23:37 INFO  [http-nio-8080-exec-2] c.l.controller.RoleController - Fetching all roles
2025-11-10 15:23:37 INFO  [http-nio-8080-exec-7] c.l.controller.UserController - Fetching all users
2025-11-10 15:23:37 INFO  [http-nio-8080-exec-7] c.l.service.UserService - Fetching paginated users
2025-11-10 15:23:37 INFO  [http-nio-8080-exec-2] c.l.service.RoleService - Retrieved 3 roles
2025-11-10 15:23:37 INFO  [http-nio-8080-exec-7] c.l.service.UserService - Fetched paginated users successfully
2025-11-10 15:23:38 INFO  [http-nio-8080-exec-3] c.l.controller.RoleController - Fetching all roles
2025-11-10 15:23:38 INFO  [http-nio-8080-exec-8] c.l.controller.UserController - Fetching all users
2025-11-10 15:23:38 INFO  [http-nio-8080-exec-8] c.l.service.UserService - Fetching paginated users
2025-11-10 15:23:38 INFO  [http-nio-8080-exec-3] c.l.service.RoleService - Retrieved 3 roles
2025-11-10 15:23:38 INFO  [http-nio-8080-exec-8] c.l.service.UserService - Fetched paginated users successfully
2025-11-10 15:23:40 INFO  [http-nio-8080-exec-10] c.l.controller.RoleController - Fetching all roles
2025-11-10 15:23:40 INFO  [http-nio-8080-exec-1] c.l.controller.UserController - Fetching all users
2025-11-10 15:23:40 INFO  [http-nio-8080-exec-1] c.l.service.UserService - Fetching paginated users
2025-11-10 15:23:40 INFO  [http-nio-8080-exec-10] c.l.service.RoleService - Retrieved 3 roles
2025-11-10 15:23:40 INFO  [http-nio-8080-exec-1] c.l.service.UserService - Fetched paginated users successfully
2025-11-10 15:23:41 INFO  [http-nio-8080-exec-9] c.l.controller.UserController - Fetching all users
2025-11-10 15:23:41 INFO  [http-nio-8080-exec-9] c.l.service.UserService - Fetching paginated users
2025-11-10 15:23:41 INFO  [http-nio-8080-exec-6] c.l.controller.RoleController - Fetching all roles
2025-11-10 15:23:41 INFO  [http-nio-8080-exec-6] c.l.service.RoleService - Retrieved 3 roles
2025-11-10 15:23:41 INFO  [http-nio-8080-exec-9] c.l.service.UserService - Fetched paginated users successfully
2025-11-10 15:23:46 INFO  [http-nio-8080-exec-7] c.l.controller.SupplierController - Received request to fetch all suppliers with search: null
2025-11-10 15:23:46 INFO  [http-nio-8080-exec-3] c.l.controller.TransportController - Received request to fetch all transports with search: null
2025-11-10 15:23:46 INFO  [http-nio-8080-exec-8] c.l.controller.SubCategoryController - Received request to fetch all sub categories with search: null
2025-11-10 15:23:46 INFO  [http-nio-8080-exec-4] c.l.controller.CategoryController - Received request to fetch all categories with search: null
2025-11-10 15:23:46 INFO  [http-nio-8080-exec-8] c.l.controller.SubCategoryController - Returning 1 sub category(s)
2025-11-10 15:23:46 INFO  [http-nio-8080-exec-7] c.l.controller.SupplierController - Returning 1 supplier(s)
2025-11-10 15:23:46 INFO  [http-nio-8080-exec-3] c.l.controller.TransportController - Returning 1 transport(s)
2025-11-10 15:23:46 INFO  [http-nio-8080-exec-4] c.l.controller.CategoryController - Returning 1 category(s)
2025-11-10 15:23:46 INFO  [http-nio-8080-exec-10] c.l.controller.SupplierController - Received request to fetch all suppliers with search: null
2025-11-10 15:23:46 INFO  [http-nio-8080-exec-1] c.l.controller.TransportController - Received request to fetch all transports with search: null
2025-11-10 15:23:46 INFO  [http-nio-8080-exec-6] c.l.controller.SubCategoryController - Received request to fetch all sub categories with search: null
2025-11-10 15:23:46 INFO  [http-nio-8080-exec-9] c.l.controller.CategoryController - Received request to fetch all categories with search: null
2025-11-10 15:23:46 INFO  [http-nio-8080-exec-1] c.l.controller.TransportController - Returning 1 transport(s)
2025-11-10 15:23:46 INFO  [http-nio-8080-exec-9] c.l.controller.CategoryController - Returning 1 category(s)
2025-11-10 15:23:46 INFO  [http-nio-8080-exec-6] c.l.controller.SubCategoryController - Returning 1 sub category(s)
2025-11-10 15:23:46 INFO  [http-nio-8080-exec-10] c.l.controller.SupplierController - Returning 1 supplier(s)
2025-11-10 15:23:52 INFO  [http-nio-8080-exec-5] c.l.controller.SupplierController - Received request to fetch all suppliers with search: null
2025-11-10 15:23:52 INFO  [http-nio-8080-exec-2] c.l.controller.TransportController - Received request to fetch all transports with search: null
2025-11-10 15:23:52 INFO  [http-nio-8080-exec-5] c.l.controller.SupplierController - Returning 1 supplier(s)
2025-11-10 15:23:52 INFO  [http-nio-8080-exec-2] c.l.controller.TransportController - Returning 1 transport(s)
2025-11-10 15:23:52 INFO  [http-nio-8080-exec-2] c.l.controller.SupplierController - Received request to fetch all suppliers with search: null
2025-11-10 15:23:52 INFO  [http-nio-8080-exec-9] c.l.controller.TransportController - Received request to fetch all transports with search: null
2025-11-10 15:23:52 INFO  [http-nio-8080-exec-2] c.l.controller.SupplierController - Returning 1 supplier(s)
2025-11-10 15:23:52 INFO  [http-nio-8080-exec-9] c.l.controller.TransportController - Returning 1 transport(s)
2025-11-10 15:23:53 INFO  [http-nio-8080-exec-10] c.l.controller.SupplierController - Received request to fetch all suppliers with search: null
2025-11-10 15:23:53 INFO  [http-nio-8080-exec-8] c.l.controller.SubCategoryController - Received request to fetch all sub categories with search: null
2025-11-10 15:23:53 INFO  [http-nio-8080-exec-1] c.l.controller.TransportController - Received request to fetch all transports with search: null
2025-11-10 15:23:53 INFO  [http-nio-8080-exec-3] c.l.controller.CategoryController - Received request to fetch all categories with search: null
2025-11-10 15:23:53 INFO  [http-nio-8080-exec-8] c.l.controller.SubCategoryController - Returning 1 sub category(s)
2025-11-10 15:23:53 INFO  [http-nio-8080-exec-10] c.l.controller.SupplierController - Returning 1 supplier(s)
2025-11-10 15:23:53 INFO  [http-nio-8080-exec-1] c.l.controller.TransportController - Returning 1 transport(s)
2025-11-10 15:23:53 INFO  [http-nio-8080-exec-3] c.l.controller.CategoryController - Returning 1 category(s)
2025-11-10 15:23:53 INFO  [http-nio-8080-exec-5] c.l.controller.SupplierController - Received request to fetch all suppliers with search: null
2025-11-10 15:23:53 INFO  [http-nio-8080-exec-7] c.l.controller.SubCategoryController - Received request to fetch all sub categories with search: null
2025-11-10 15:23:53 INFO  [http-nio-8080-exec-9] c.l.controller.TransportController - Received request to fetch all transports with search: null
2025-11-10 15:23:53 INFO  [http-nio-8080-exec-2] c.l.controller.CategoryController - Received request to fetch all categories with search: null
2025-11-10 15:23:53 INFO  [http-nio-8080-exec-5] c.l.controller.SupplierController - Returning 1 supplier(s)
2025-11-10 15:23:53 INFO  [http-nio-8080-exec-7] c.l.controller.SubCategoryController - Returning 1 sub category(s)
2025-11-10 15:23:53 INFO  [http-nio-8080-exec-9] c.l.controller.TransportController - Returning 1 transport(s)
2025-11-10 15:23:53 INFO  [http-nio-8080-exec-2] c.l.controller.CategoryController - Returning 1 category(s)
2025-11-10 15:23:54 INFO  [http-nio-8080-exec-10] c.l.controller.SkillController - Received request to fetch all skills with search: null
2025-11-10 15:23:54 INFO  [http-nio-8080-exec-10] c.l.controller.SkillController - Returning 0 skill(s)
2025-11-10 15:23:54 INFO  [http-nio-8080-exec-8] c.l.controller.SkillController - Received request to fetch all skills with search: null
2025-11-10 15:23:54 INFO  [http-nio-8080-exec-8] c.l.controller.SkillController - Returning 0 skill(s)
2025-11-10 15:23:57 INFO  [http-nio-8080-exec-1] c.l.controller.SupplierController - Received request to fetch all suppliers with search: null
2025-11-10 15:23:57 INFO  [http-nio-8080-exec-1] c.l.controller.SupplierController - Returning 1 supplier(s)
2025-11-10 15:23:57 INFO  [http-nio-8080-exec-3] c.l.controller.SupplierController - Received request to fetch all suppliers with search: null
2025-11-10 15:23:57 INFO  [http-nio-8080-exec-3] c.l.controller.SupplierController - Returning 1 supplier(s)
2025-11-10 15:23:58 INFO  [http-nio-8080-exec-5] c.l.controller.TransportController - Received request to fetch all transports with search: null
2025-11-10 15:23:58 INFO  [http-nio-8080-exec-5] c.l.controller.TransportController - Returning 1 transport(s)
2025-11-10 15:23:58 INFO  [http-nio-8080-exec-7] c.l.controller.TransportController - Received request to fetch all transports with search: null
2025-11-10 15:23:58 INFO  [http-nio-8080-exec-7] c.l.controller.TransportController - Returning 1 transport(s)
2025-11-10 15:23:59 INFO  [http-nio-8080-exec-9] c.l.controller.SkillController - Received request to fetch all skills with search: null
2025-11-10 15:23:59 INFO  [http-nio-8080-exec-9] c.l.controller.SkillController - Returning 0 skill(s)
2025-11-10 15:23:59 INFO  [http-nio-8080-exec-2] c.l.controller.SkillController - Received request to fetch all skills with search: null
2025-11-10 15:23:59 INFO  [http-nio-8080-exec-2] c.l.controller.SkillController - Returning 0 skill(s)
2025-11-10 15:23:59 INFO  [http-nio-8080-exec-6] c.l.controller.SupplierController - Received request to fetch all suppliers with search: null
2025-11-10 15:23:59 INFO  [http-nio-8080-exec-6] c.l.controller.SupplierController - Returning 1 supplier(s)
2025-11-10 15:23:59 INFO  [http-nio-8080-exec-4] c.l.controller.SupplierController - Received request to fetch all suppliers with search: null
2025-11-10 15:23:59 INFO  [http-nio-8080-exec-4] c.l.controller.SupplierController - Returning 1 supplier(s)
2025-11-10 15:24:00 INFO  [http-nio-8080-exec-10] c.l.controller.TransportController - Received request to fetch all transports with search: null
2025-11-10 15:24:00 INFO  [http-nio-8080-exec-10] c.l.controller.TransportController - Returning 1 transport(s)
2025-11-10 15:24:00 INFO  [http-nio-8080-exec-8] c.l.controller.TransportController - Received request to fetch all transports with search: null
2025-11-10 15:24:00 INFO  [http-nio-8080-exec-8] c.l.controller.TransportController - Returning 1 transport(s)
2025-11-10 15:24:00 INFO  [http-nio-8080-exec-1] c.l.controller.CategoryController - Received request to fetch all categories with search: null
2025-11-10 15:24:00 INFO  [http-nio-8080-exec-1] c.l.controller.CategoryController - Returning 1 category(s)
2025-11-10 15:24:00 INFO  [http-nio-8080-exec-1] c.l.controller.CategoryController - Received request to fetch all categories with search: null
2025-11-10 15:24:00 INFO  [http-nio-8080-exec-1] c.l.controller.CategoryController - Returning 1 category(s)
2025-11-10 15:24:01 INFO  [http-nio-8080-exec-5] c.l.controller.SubCategoryController - Received request to fetch all sub categories with search: null
2025-11-10 15:24:01 INFO  [http-nio-8080-exec-5] c.l.controller.SubCategoryController - Returning 1 sub category(s)
2025-11-10 15:24:01 INFO  [http-nio-8080-exec-7] c.l.controller.SubCategoryController - Received request to fetch all sub categories with search: null
2025-11-10 15:24:01 INFO  [http-nio-8080-exec-7] c.l.controller.SubCategoryController - Returning 1 sub category(s)
2025-11-10 15:24:02 INFO  [http-nio-8080-exec-9] c.l.controller.SkillController - Received request to fetch all skills with search: null
2025-11-10 15:24:02 INFO  [http-nio-8080-exec-9] c.l.controller.SkillController - Returning 0 skill(s)
2025-11-10 15:24:02 INFO  [http-nio-8080-exec-2] c.l.controller.SkillController - Received request to fetch all skills with search: null
2025-11-10 15:24:02 INFO  [http-nio-8080-exec-2] c.l.controller.SkillController - Returning 0 skill(s)
2025-11-10 15:24:02 INFO  [http-nio-8080-exec-10] c.l.controller.EmployeeController - Received request to get all employees
2025-11-10 15:24:02 INFO  [http-nio-8080-exec-10] c.l.controller.EmployeeController - Employees retrieved successfully
2025-11-10 15:24:02 INFO  [http-nio-8080-exec-8] c.l.controller.EmployeeController - Received request to get all employees
2025-11-10 15:24:02 INFO  [http-nio-8080-exec-8] c.l.controller.EmployeeController - Employees retrieved successfully
2025-11-10 15:24:03 INFO  [http-nio-8080-exec-3] c.l.controller.SkillController - Received request to fetch all skills with search: null
2025-11-10 15:24:03 INFO  [http-nio-8080-exec-3] c.l.controller.SkillController - Returning 0 skill(s)
2025-11-10 15:24:03 INFO  [http-nio-8080-exec-1] c.l.controller.SkillController - Received request to fetch all skills with search: null
2025-11-10 15:24:03 INFO  [http-nio-8080-exec-1] c.l.controller.SkillController - Returning 0 skill(s)
2025-11-10 15:24:04 INFO  [http-nio-8080-exec-5] c.l.controller.EmployeeController - Received request to get all employees
2025-11-10 15:24:04 INFO  [http-nio-8080-exec-5] c.l.controller.EmployeeController - Employees retrieved successfully
2025-11-10 15:24:04 INFO  [http-nio-8080-exec-7] c.l.controller.EmployeeController - Received request to get all employees
2025-11-10 15:24:04 INFO  [http-nio-8080-exec-7] c.l.controller.EmployeeController - Employees retrieved successfully
2025-11-10 15:24:05 INFO  [http-nio-8080-exec-9] c.l.controller.SkillController - Received request to fetch all skills with search: null
2025-11-10 15:24:05 INFO  [http-nio-8080-exec-9] c.l.controller.SkillController - Returning 0 skill(s)
2025-11-10 15:24:05 INFO  [http-nio-8080-exec-2] c.l.controller.SkillController - Received request to fetch all skills with search: null
2025-11-10 15:24:06 INFO  [http-nio-8080-exec-2] c.l.controller.SkillController - Returning 0 skill(s)
2025-11-10 15:24:06 INFO  [http-nio-8080-exec-4] c.l.controller.EmployeeController - Received request to get all employees
2025-11-10 15:24:06 INFO  [http-nio-8080-exec-4] c.l.controller.EmployeeController - Employees retrieved successfully
2025-11-10 15:24:06 INFO  [http-nio-8080-exec-6] c.l.controller.EmployeeController - Received request to get all employees
2025-11-10 15:24:06 INFO  [http-nio-8080-exec-6] c.l.controller.EmployeeController - Employees retrieved successfully
2025-11-10 15:24:07 INFO  [http-nio-8080-exec-10] c.l.controller.SkillController - Received request to fetch all skills with search: null
2025-11-10 15:24:07 INFO  [http-nio-8080-exec-10] c.l.controller.SkillController - Returning 0 skill(s)
2025-11-10 15:24:07 INFO  [http-nio-8080-exec-8] c.l.controller.SkillController - Received request to fetch all skills with search: null
2025-11-10 15:24:07 INFO  [http-nio-8080-exec-8] c.l.controller.SkillController - Returning 0 skill(s)
2025-11-10 15:24:07 INFO  [http-nio-8080-exec-3] c.l.controller.SubCategoryController - Received request to fetch all sub categories with search: null
2025-11-10 15:24:07 INFO  [http-nio-8080-exec-3] c.l.controller.SubCategoryController - Returning 1 sub category(s)
2025-11-10 15:24:07 INFO  [http-nio-8080-exec-1] c.l.controller.SubCategoryController - Received request to fetch all sub categories with search: null
2025-11-10 15:24:07 INFO  [http-nio-8080-exec-1] c.l.controller.SubCategoryController - Returning 1 sub category(s)
2025-11-10 15:24:08 INFO  [http-nio-8080-exec-5] c.l.controller.CategoryController - Received request to fetch all categories with search: null
2025-11-10 15:24:08 INFO  [http-nio-8080-exec-5] c.l.controller.CategoryController - Returning 1 category(s)
2025-11-10 15:24:08 INFO  [http-nio-8080-exec-7] c.l.controller.CategoryController - Received request to fetch all categories with search: null
2025-11-10 15:24:08 INFO  [http-nio-8080-exec-7] c.l.controller.CategoryController - Returning 1 category(s)
2025-11-10 15:24:12 INFO  [http-nio-8080-exec-9] c.l.controller.TransportController - Received request to fetch all transports with search: null
2025-11-10 15:24:12 INFO  [http-nio-8080-exec-9] c.l.controller.TransportController - Returning 1 transport(s)
2025-11-10 15:24:12 INFO  [http-nio-8080-exec-2] c.l.controller.TransportController - Received request to fetch all transports with search: null
2025-11-10 15:24:12 INFO  [http-nio-8080-exec-2] c.l.controller.TransportController - Returning 1 transport(s)
2025-11-10 15:24:14 INFO  [http-nio-8080-exec-4] c.l.controller.SkillController - Received request to fetch all skills with search: null
2025-11-10 15:24:14 INFO  [http-nio-8080-exec-4] c.l.controller.SkillController - Returning 0 skill(s)
2025-11-10 15:24:14 INFO  [http-nio-8080-exec-6] c.l.controller.SkillController - Received request to fetch all skills with search: null
2025-11-10 15:24:14 INFO  [http-nio-8080-exec-6] c.l.controller.SkillController - Returning 0 skill(s)
2025-11-10 15:24:40 INFO  [http-nio-8080-exec-10] c.l.controller.SupplierController - Received request to fetch all suppliers with search: null
2025-11-10 15:24:40 INFO  [http-nio-8080-exec-1] c.l.controller.CategoryController - Received request to fetch all categories with search: null
2025-11-10 15:24:40 INFO  [http-nio-8080-exec-8] c.l.controller.SubCategoryController - Received request to fetch all sub categories with search: null
2025-11-10 15:24:40 INFO  [http-nio-8080-exec-3] c.l.controller.TransportController - Received request to fetch all transports with search: null
2025-11-10 15:24:40 INFO  [http-nio-8080-exec-8] c.l.controller.SubCategoryController - Returning 1 sub category(s)
2025-11-10 15:24:40 INFO  [http-nio-8080-exec-10] c.l.controller.SupplierController - Returning 1 supplier(s)
2025-11-10 15:24:40 INFO  [http-nio-8080-exec-3] c.l.controller.TransportController - Returning 1 transport(s)
2025-11-10 15:24:40 INFO  [http-nio-8080-exec-1] c.l.controller.CategoryController - Returning 1 category(s)
2025-11-10 15:24:40 INFO  [http-nio-8080-exec-7] c.l.controller.SupplierController - Received request to fetch all suppliers with search: null
2025-11-10 15:24:40 INFO  [http-nio-8080-exec-5] c.l.controller.TransportController - Received request to fetch all transports with search: null
2025-11-10 15:24:40 INFO  [http-nio-8080-exec-2] c.l.controller.CategoryController - Received request to fetch all categories with search: null
2025-11-10 15:24:40 INFO  [http-nio-8080-exec-9] c.l.controller.SubCategoryController - Received request to fetch all sub categories with search: null
2025-11-10 15:24:40 INFO  [http-nio-8080-exec-5] c.l.controller.TransportController - Returning 1 transport(s)
2025-11-10 15:24:40 INFO  [http-nio-8080-exec-7] c.l.controller.SupplierController - Returning 1 supplier(s)
2025-11-10 15:24:40 INFO  [http-nio-8080-exec-2] c.l.controller.CategoryController - Returning 1 category(s)
2025-11-10 15:24:40 INFO  [http-nio-8080-exec-9] c.l.controller.SubCategoryController - Returning 1 sub category(s)
2025-11-10 15:24:41 INFO  [http-nio-8080-exec-4] c.l.controller.SupplierController - Received request to fetch all suppliers with search: null
2025-11-10 15:24:41 INFO  [http-nio-8080-exec-10] c.l.controller.TransportController - Received request to fetch all transports with search: null
2025-11-10 15:24:41 INFO  [http-nio-8080-exec-10] c.l.controller.TransportController - Returning 1 transport(s)
2025-11-10 15:24:41 INFO  [http-nio-8080-exec-4] c.l.controller.SupplierController - Returning 1 supplier(s)
2025-11-10 15:24:41 INFO  [http-nio-8080-exec-3] c.l.controller.TransportController - Received request to fetch all transports with search: null
2025-11-10 15:24:41 INFO  [http-nio-8080-exec-8] c.l.controller.SupplierController - Received request to fetch all suppliers with search: null
2025-11-10 15:24:41 INFO  [http-nio-8080-exec-8] c.l.controller.SupplierController - Returning 1 supplier(s)
2025-11-10 15:24:41 INFO  [http-nio-8080-exec-3] c.l.controller.TransportController - Returning 1 transport(s)
2025-11-10 15:24:42 INFO  [http-nio-8080-exec-9] c.l.controller.InvoiceController - Retrieve complete invoice details for the ID 1
2025-11-10 15:24:42 INFO  [http-nio-8080-exec-2] c.l.controller.InvoiceController - Retrieve complete invoice details for the ID 1
2025-11-10 15:24:45 INFO  [http-nio-8080-exec-4] c.l.controller.TransportController - Received request to fetch all transports with search: null
2025-11-10 15:24:45 INFO  [http-nio-8080-exec-10] c.l.controller.SupplierController - Received request to fetch all suppliers with search: null
2025-11-10 15:24:45 INFO  [http-nio-8080-exec-10] c.l.controller.SupplierController - Returning 1 supplier(s)
2025-11-10 15:24:45 INFO  [http-nio-8080-exec-4] c.l.controller.TransportController - Returning 1 transport(s)
2025-11-10 15:24:45 INFO  [http-nio-8080-exec-8] c.l.controller.SupplierController - Received request to fetch all suppliers with search: null
2025-11-10 15:24:45 INFO  [http-nio-8080-exec-6] c.l.controller.TransportController - Received request to fetch all transports with search: null
2025-11-10 15:24:45 INFO  [http-nio-8080-exec-6] c.l.controller.TransportController - Returning 1 transport(s)
2025-11-10 15:24:45 INFO  [http-nio-8080-exec-8] c.l.controller.SupplierController - Returning 1 supplier(s)
2025-11-10 15:24:49 INFO  [http-nio-8080-exec-7] c.l.controller.InvoiceController - Retrieve complete invoice details for the ID 1
2025-11-10 15:24:49 INFO  [http-nio-8080-exec-9] c.l.controller.InvoiceController - Retrieve complete invoice details for the ID 1
2025-11-10 15:24:52 INFO  [http-nio-8080-exec-2] c.l.controller.SupplierController - Received request to fetch all suppliers with search: null
2025-11-10 15:24:52 INFO  [http-nio-8080-exec-10] c.l.controller.TransportController - Received request to fetch all transports with search: null
2025-11-10 15:24:52 INFO  [http-nio-8080-exec-10] c.l.controller.TransportController - Returning 1 transport(s)
2025-11-10 15:24:52 INFO  [http-nio-8080-exec-2] c.l.controller.SupplierController - Returning 1 supplier(s)
2025-11-10 15:24:52 INFO  [http-nio-8080-exec-2] c.l.controller.SupplierController - Received request to fetch all suppliers with search: null
2025-11-10 15:24:52 INFO  [http-nio-8080-exec-3] c.l.controller.TransportController - Received request to fetch all transports with search: null
2025-11-10 15:24:52 INFO  [http-nio-8080-exec-3] c.l.controller.TransportController - Returning 1 transport(s)
2025-11-10 15:24:52 INFO  [http-nio-8080-exec-2] c.l.controller.SupplierController - Returning 1 supplier(s)
2025-11-10 15:25:01 INFO  [http-nio-8080-exec-5] c.l.controller.TransportController - Received request to fetch all transports with search: null
2025-11-10 15:25:01 INFO  [http-nio-8080-exec-7] c.l.controller.SubCategoryController - Received request to fetch all sub categories with search: null
2025-11-10 15:25:01 INFO  [http-nio-8080-exec-1] c.l.controller.SupplierController - Received request to fetch all suppliers with search: null
2025-11-10 15:25:01 INFO  [http-nio-8080-exec-9] c.l.controller.CategoryController - Received request to fetch all categories with search: null
2025-11-10 15:25:01 INFO  [http-nio-8080-exec-9] c.l.controller.CategoryController - Returning 1 category(s)
2025-11-10 15:25:01 INFO  [http-nio-8080-exec-5] c.l.controller.TransportController - Returning 1 transport(s)
2025-11-10 15:25:01 INFO  [http-nio-8080-exec-1] c.l.controller.SupplierController - Returning 1 supplier(s)
2025-11-10 15:25:01 INFO  [http-nio-8080-exec-7] c.l.controller.SubCategoryController - Returning 1 sub category(s)
2025-11-10 15:25:01 INFO  [http-nio-8080-exec-8] c.l.controller.CategoryController - Received request to fetch all categories with search: null
2025-11-10 15:25:01 INFO  [http-nio-8080-exec-10] c.l.controller.SupplierController - Received request to fetch all suppliers with search: null
2025-11-10 15:25:01 INFO  [http-nio-8080-exec-4] c.l.controller.TransportController - Received request to fetch all transports with search: null
2025-11-10 15:25:01 INFO  [http-nio-8080-exec-3] c.l.controller.SubCategoryController - Received request to fetch all sub categories with search: null
2025-11-10 15:25:01 INFO  [http-nio-8080-exec-4] c.l.controller.TransportController - Returning 1 transport(s)
2025-11-10 15:25:01 INFO  [http-nio-8080-exec-3] c.l.controller.SubCategoryController - Returning 1 sub category(s)
2025-11-10 15:25:01 INFO  [http-nio-8080-exec-8] c.l.controller.CategoryController - Returning 1 category(s)
2025-11-10 15:25:01 INFO  [http-nio-8080-exec-10] c.l.controller.SupplierController - Returning 1 supplier(s)
2025-11-10 15:25:48 INFO  [http-nio-8080-exec-2] c.l.controller.SupplierController - Received request to fetch all suppliers with search: null
2025-11-10 15:25:48 INFO  [http-nio-8080-exec-1] c.l.controller.TransportController - Received request to fetch all transports with search: null
2025-11-10 15:25:48 INFO  [http-nio-8080-exec-6] c.l.controller.SubCategoryController - Received request to fetch all sub categories with search: null
2025-11-10 15:25:48 INFO  [http-nio-8080-exec-5] c.l.controller.CategoryController - Received request to fetch all categories with search: null
2025-11-10 15:25:48 INFO  [http-nio-8080-exec-5] c.l.controller.CategoryController - Returning 1 category(s)
2025-11-10 15:25:48 INFO  [http-nio-8080-exec-6] c.l.controller.SubCategoryController - Returning 1 sub category(s)
2025-11-10 15:25:48 INFO  [http-nio-8080-exec-1] c.l.controller.TransportController - Returning 1 transport(s)
2025-11-10 15:25:48 INFO  [http-nio-8080-exec-2] c.l.controller.SupplierController - Returning 1 supplier(s)
2025-11-10 15:25:48 INFO  [http-nio-8080-exec-9] c.l.controller.TransportController - Received request to fetch all transports with search: null
2025-11-10 15:25:48 INFO  [http-nio-8080-exec-8] c.l.controller.SubCategoryController - Received request to fetch all sub categories with search: null
2025-11-10 15:25:48 INFO  [http-nio-8080-exec-7] c.l.controller.SupplierController - Received request to fetch all suppliers with search: null
2025-11-10 15:25:48 INFO  [http-nio-8080-exec-4] c.l.controller.CategoryController - Received request to fetch all categories with search: null
2025-11-10 15:25:48 INFO  [http-nio-8080-exec-8] c.l.controller.SubCategoryController - Returning 1 sub category(s)
2025-11-10 15:25:48 INFO  [http-nio-8080-exec-7] c.l.controller.SupplierController - Returning 1 supplier(s)
2025-11-10 15:25:48 INFO  [http-nio-8080-exec-4] c.l.controller.CategoryController - Returning 1 category(s)
2025-11-10 15:25:48 INFO  [http-nio-8080-exec-9] c.l.controller.TransportController - Returning 1 transport(s)
2025-11-10 15:26:34 INFO  [http-nio-8080-exec-10] c.l.controller.TransportController - Received request to fetch all transports with search: null
2025-11-10 15:26:34 INFO  [http-nio-8080-exec-3] c.l.controller.SupplierController - Received request to fetch all suppliers with search: null
2025-11-10 15:26:34 INFO  [http-nio-8080-exec-3] c.l.controller.SupplierController - Returning 1 supplier(s)
2025-11-10 15:26:34 INFO  [http-nio-8080-exec-10] c.l.controller.TransportController - Returning 1 transport(s)
2025-11-10 15:26:34 INFO  [http-nio-8080-exec-5] c.l.controller.SupplierController - Received request to fetch all suppliers with search: null
2025-11-10 15:26:34 INFO  [http-nio-8080-exec-2] c.l.controller.TransportController - Received request to fetch all transports with search: null
2025-11-10 15:26:34 INFO  [http-nio-8080-exec-2] c.l.controller.TransportController - Returning 1 transport(s)
2025-11-10 15:26:34 INFO  [http-nio-8080-exec-5] c.l.controller.SupplierController - Returning 1 supplier(s)
2025-11-10 15:26:34 INFO  [http-nio-8080-exec-7] c.l.controller.SupplierController - Received request to fetch all suppliers with search: null
2025-11-10 15:26:34 INFO  [http-nio-8080-exec-8] c.l.controller.TransportController - Received request to fetch all transports with search: null
2025-11-10 15:26:34 INFO  [http-nio-8080-exec-4] c.l.controller.CategoryController - Received request to fetch all categories with search: null
2025-11-10 15:26:34 INFO  [http-nio-8080-exec-9] c.l.controller.SubCategoryController - Received request to fetch all sub categories with search: null
2025-11-10 15:26:34 INFO  [http-nio-8080-exec-8] c.l.controller.TransportController - Returning 1 transport(s)
2025-11-10 15:26:34 INFO  [http-nio-8080-exec-9] c.l.controller.SubCategoryController - Returning 1 sub category(s)
2025-11-10 15:26:34 INFO  [http-nio-8080-exec-7] c.l.controller.SupplierController - Returning 1 supplier(s)
2025-11-10 15:26:34 INFO  [http-nio-8080-exec-4] c.l.controller.CategoryController - Returning 1 category(s)
2025-11-10 15:26:34 INFO  [http-nio-8080-exec-4] c.l.controller.SubCategoryController - Received request to fetch all sub categories with search: null
2025-11-10 15:26:34 INFO  [http-nio-8080-exec-6] c.l.controller.SupplierController - Received request to fetch all suppliers with search: null
2025-11-10 15:26:34 INFO  [http-nio-8080-exec-5] c.l.controller.TransportController - Received request to fetch all transports with search: null
2025-11-10 15:26:34 INFO  [http-nio-8080-exec-10] c.l.controller.CategoryController - Received request to fetch all categories with search: null
2025-11-10 15:26:34 INFO  [http-nio-8080-exec-6] c.l.controller.SupplierController - Returning 1 supplier(s)
2025-11-10 15:26:34 INFO  [http-nio-8080-exec-5] c.l.controller.TransportController - Returning 1 transport(s)
2025-11-10 15:26:34 INFO  [http-nio-8080-exec-10] c.l.controller.CategoryController - Returning 1 category(s)
2025-11-10 15:26:34 INFO  [http-nio-8080-exec-4] c.l.controller.SubCategoryController - Returning 1 sub category(s)
2025-11-10 15:35:21 INFO  [http-nio-8080-exec-6] c.l.controller.StockController - Create a new stock
2025-11-10 15:36:44 INFO  [http-nio-8080-exec-10] c.l.controller.SupplierController - Received request to fetch all suppliers with search: null
2025-11-10 15:36:44 INFO  [http-nio-8080-exec-4] c.l.controller.TransportController - Received request to fetch all transports with search: null
2025-11-10 15:36:44 INFO  [http-nio-8080-exec-10] c.l.controller.SupplierController - Returning 1 supplier(s)
2025-11-10 15:36:44 INFO  [http-nio-8080-exec-4] c.l.controller.TransportController - Returning 1 transport(s)
2025-11-10 15:36:44 INFO  [http-nio-8080-exec-1] c.l.controller.TransportController - Received request to fetch all transports with search: null
2025-11-10 15:36:44 INFO  [http-nio-8080-exec-9] c.l.controller.SupplierController - Received request to fetch all suppliers with search: null
2025-11-10 15:36:44 INFO  [http-nio-8080-exec-1] c.l.controller.TransportController - Returning 1 transport(s)
2025-11-10 15:36:44 INFO  [http-nio-8080-exec-9] c.l.controller.SupplierController - Returning 1 supplier(s)
2025-11-10 15:36:45 INFO  [http-nio-8080-exec-3] c.l.controller.SubCategoryController - Received request to fetch all sub categories with search: null
2025-11-10 15:36:45 INFO  [http-nio-8080-exec-8] c.l.controller.SupplierController - Received request to fetch all suppliers with search: null
2025-11-10 15:36:45 INFO  [http-nio-8080-exec-6] c.l.controller.TransportController - Received request to fetch all transports with search: null
2025-11-10 15:36:45 INFO  [http-nio-8080-exec-5] c.l.controller.CategoryController - Received request to fetch all categories with search: null
2025-11-10 15:36:45 INFO  [http-nio-8080-exec-6] c.l.controller.TransportController - Returning 1 transport(s)
2025-11-10 15:36:45 INFO  [http-nio-8080-exec-8] c.l.controller.SupplierController - Returning 1 supplier(s)
2025-11-10 15:36:45 INFO  [http-nio-8080-exec-5] c.l.controller.CategoryController - Returning 1 category(s)
2025-11-10 15:36:45 INFO  [http-nio-8080-exec-3] c.l.controller.SubCategoryController - Returning 1 sub category(s)
2025-11-10 15:36:45 INFO  [http-nio-8080-exec-2] c.l.controller.TransportController - Received request to fetch all transports with search: null
2025-11-10 15:36:45 INFO  [http-nio-8080-exec-4] c.l.controller.SupplierController - Received request to fetch all suppliers with search: null
2025-11-10 15:36:45 INFO  [http-nio-8080-exec-1] c.l.controller.CategoryController - Received request to fetch all categories with search: null
2025-11-10 15:36:45 INFO  [http-nio-8080-exec-10] c.l.controller.SubCategoryController - Received request to fetch all sub categories with search: null
2025-11-10 15:36:45 INFO  [http-nio-8080-exec-4] c.l.controller.SupplierController - Returning 1 supplier(s)
2025-11-10 15:36:45 INFO  [http-nio-8080-exec-1] c.l.controller.CategoryController - Returning 1 category(s)
2025-11-10 15:36:45 INFO  [http-nio-8080-exec-2] c.l.controller.TransportController - Returning 1 transport(s)
2025-11-10 15:36:45 INFO  [http-nio-8080-exec-10] c.l.controller.SubCategoryController - Returning 1 sub category(s)
2025-11-10 15:36:47 INFO  [http-nio-8080-exec-9] c.l.controller.UserController - Fetching all users
2025-11-10 15:36:47 INFO  [http-nio-8080-exec-9] c.l.service.UserService - Fetching paginated users
2025-11-10 15:36:47 INFO  [http-nio-8080-exec-7] c.l.controller.RoleController - Fetching all roles
2025-11-10 15:36:47 INFO  [http-nio-8080-exec-7] c.l.service.RoleService - Retrieved 3 roles
2025-11-10 15:36:47 INFO  [http-nio-8080-exec-9] c.l.service.UserService - Fetched paginated users successfully
2025-11-10 15:36:47 INFO  [http-nio-8080-exec-5] c.l.controller.RoleController - Fetching all roles
2025-11-10 15:36:47 INFO  [http-nio-8080-exec-6] c.l.controller.UserController - Fetching all users
2025-11-10 15:36:47 INFO  [http-nio-8080-exec-6] c.l.service.UserService - Fetching paginated users
2025-11-10 15:36:47 INFO  [http-nio-8080-exec-5] c.l.service.RoleService - Retrieved 3 roles
2025-11-10 15:36:47 INFO  [http-nio-8080-exec-6] c.l.service.UserService - Fetched paginated users successfully
2025-11-10 15:36:49 INFO  [http-nio-8080-exec-8] c.l.controller.UserController - Updating user with id: 2
2025-11-10 15:36:49 INFO  [http-nio-8080-exec-8] c.l.service.UserService - User updated successfully with ID: 2
2025-11-10 15:36:51 INFO  [http-nio-8080-exec-1] c.l.controller.UserController - Updating user with id: 2
2025-11-10 15:36:51 INFO  [http-nio-8080-exec-1] c.l.service.UserService - User updated successfully with ID: 2
2025-11-10 15:36:52 INFO  [http-nio-8080-exec-2] c.l.controller.UserController - Updating user with id: 1
2025-11-10 15:36:52 INFO  [http-nio-8080-exec-2] c.l.service.UserService - User updated successfully with ID: 1
2025-11-10 15:36:53 INFO  [http-nio-8080-exec-10] c.l.controller.UserController - Updating user with id: 1
2025-11-10 15:36:53 INFO  [http-nio-8080-exec-10] c.l.service.UserService - User updated successfully with ID: 1
2025-11-10 15:37:00 INFO  [http-nio-8080-exec-9] c.l.controller.UserController - Updating user with id: 3
2025-11-10 15:37:00 INFO  [http-nio-8080-exec-9] c.l.service.UserService - User updated successfully with ID: 3
2025-11-10 15:37:10 INFO  [http-nio-8080-exec-3] c.l.controller.TransportController - Received request to fetch all transports with search: null
2025-11-10 15:37:10 INFO  [http-nio-8080-exec-6] c.l.controller.SupplierController - Received request to fetch all suppliers with search: null
2025-11-10 15:37:10 INFO  [http-nio-8080-exec-8] c.l.controller.SubCategoryController - Received request to fetch all sub categories with search: null
2025-11-10 15:37:10 INFO  [http-nio-8080-exec-1] c.l.controller.CategoryController - Received request to fetch all categories with search: null
2025-11-10 15:37:10 INFO  [http-nio-8080-exec-6] c.l.controller.SupplierController - Returning 1 supplier(s)
2025-11-10 15:37:10 INFO  [http-nio-8080-exec-1] c.l.controller.CategoryController - Returning 1 category(s)
2025-11-10 15:37:10 INFO  [http-nio-8080-exec-8] c.l.controller.SubCategoryController - Returning 1 sub category(s)
2025-11-10 15:37:10 INFO  [http-nio-8080-exec-3] c.l.controller.TransportController - Returning 1 transport(s)
2025-11-10 15:37:10 INFO  [http-nio-8080-exec-2] c.l.controller.SubCategoryController - Received request to fetch all sub categories with search: null
2025-11-10 15:37:10 INFO  [http-nio-8080-exec-4] c.l.controller.CategoryController - Received request to fetch all categories with search: null
2025-11-10 15:37:10 INFO  [http-nio-8080-exec-7] c.l.controller.SupplierController - Received request to fetch all suppliers with search: null
2025-11-10 15:37:10 INFO  [http-nio-8080-exec-10] c.l.controller.TransportController - Received request to fetch all transports with search: null
2025-11-10 15:37:10 INFO  [http-nio-8080-exec-4] c.l.controller.CategoryController - Returning 1 category(s)
2025-11-10 15:37:10 INFO  [http-nio-8080-exec-10] c.l.controller.TransportController - Returning 1 transport(s)
2025-11-10 15:37:10 INFO  [http-nio-8080-exec-7] c.l.controller.SupplierController - Returning 1 supplier(s)
2025-11-10 15:37:10 INFO  [http-nio-8080-exec-2] c.l.controller.SubCategoryController - Returning 1 sub category(s)
2025-11-10 15:40:48 INFO  [http-nio-8080-exec-2] c.l.controller.SupplierController - Received request to fetch all suppliers with search: null
2025-11-10 15:40:48 INFO  [http-nio-8080-exec-9] c.l.controller.SubCategoryController - Received request to fetch all sub categories with search: null
2025-11-10 15:40:48 INFO  [http-nio-8080-exec-5] c.l.controller.TransportController - Received request to fetch all transports with search: null
2025-11-10 15:40:48 INFO  [http-nio-8080-exec-3] c.l.controller.CategoryController - Received request to fetch all categories with search: null
2025-11-10 15:40:48 INFO  [http-nio-8080-exec-2] c.l.controller.SupplierController - Returning 1 supplier(s)
2025-11-10 15:40:48 INFO  [http-nio-8080-exec-5] c.l.controller.TransportController - Returning 1 transport(s)
2025-11-10 15:40:48 INFO  [http-nio-8080-exec-9] c.l.controller.SubCategoryController - Returning 1 sub category(s)
2025-11-10 15:40:48 INFO  [http-nio-8080-exec-3] c.l.controller.CategoryController - Returning 1 category(s)
2025-11-10 15:40:48 INFO  [http-nio-8080-exec-8] c.l.controller.TransportController - Received request to fetch all transports with search: null
2025-11-10 15:40:48 INFO  [http-nio-8080-exec-10] c.l.controller.CategoryController - Received request to fetch all categories with search: null
2025-11-10 15:40:48 INFO  [http-nio-8080-exec-6] c.l.controller.SupplierController - Received request to fetch all suppliers with search: null
2025-11-10 15:40:48 INFO  [http-nio-8080-exec-1] c.l.controller.SubCategoryController - Received request to fetch all sub categories with search: null
2025-11-10 15:40:48 INFO  [http-nio-8080-exec-6] c.l.controller.SupplierController - Returning 1 supplier(s)
2025-11-10 15:40:48 INFO  [http-nio-8080-exec-8] c.l.controller.TransportController - Returning 1 transport(s)
2025-11-10 15:40:48 INFO  [http-nio-8080-exec-1] c.l.controller.SubCategoryController - Returning 1 sub category(s)
2025-11-10 15:40:48 INFO  [http-nio-8080-exec-10] c.l.controller.CategoryController - Returning 1 category(s)
2025-11-10 15:40:52 INFO  [http-nio-8080-exec-4] c.l.controller.RoleController - Fetching all roles
2025-11-10 15:40:52 INFO  [http-nio-8080-exec-7] c.l.controller.UserController - Fetching all users
2025-11-10 15:40:52 INFO  [http-nio-8080-exec-7] c.l.service.UserService - Fetching paginated users
2025-11-10 15:40:52 INFO  [http-nio-8080-exec-4] c.l.service.RoleService - Retrieved 3 roles
2025-11-10 15:40:52 INFO  [http-nio-8080-exec-7] c.l.service.UserService - Fetched paginated users successfully
2025-11-10 15:40:52 INFO  [http-nio-8080-exec-3] c.l.controller.RoleController - Fetching all roles
2025-11-10 15:40:52 INFO  [http-nio-8080-exec-9] c.l.controller.UserController - Fetching all users
2025-11-10 15:40:52 INFO  [http-nio-8080-exec-9] c.l.service.UserService - Fetching paginated users
2025-11-10 15:40:52 INFO  [http-nio-8080-exec-3] c.l.service.RoleService - Retrieved 3 roles
2025-11-10 15:40:52 INFO  [http-nio-8080-exec-9] c.l.service.UserService - Fetched paginated users successfully
2025-11-10 15:40:53 INFO  [http-nio-8080-exec-5] c.l.controller.UserController - Updating user with id: 3
2025-11-10 15:40:53 INFO  [http-nio-8080-exec-5] c.l.service.UserService - User updated successfully with ID: 3
2025-11-10 15:40:59 INFO  [http-nio-8080-exec-2] c.l.controller.SupplierController - Received request to fetch all suppliers with search: null
2025-11-10 15:40:59 INFO  [http-nio-8080-exec-8] c.l.controller.SubCategoryController - Received request to fetch all sub categories with search: null
2025-11-10 15:40:59 INFO  [http-nio-8080-exec-6] c.l.controller.TransportController - Received request to fetch all transports with search: null
2025-11-10 15:40:59 INFO  [http-nio-8080-exec-1] c.l.controller.CategoryController - Received request to fetch all categories with search: null
2025-11-10 15:40:59 INFO  [http-nio-8080-exec-8] c.l.controller.SubCategoryController - Returning 1 sub category(s)
2025-11-10 15:40:59 INFO  [http-nio-8080-exec-1] c.l.controller.CategoryController - Returning 1 category(s)
2025-11-10 15:40:59 INFO  [http-nio-8080-exec-2] c.l.controller.SupplierController - Returning 1 supplier(s)
2025-11-10 15:40:59 INFO  [http-nio-8080-exec-6] c.l.controller.TransportController - Returning 1 transport(s)
2025-11-10 15:40:59 INFO  [http-nio-8080-exec-10] c.l.controller.SubCategoryController - Received request to fetch all sub categories with search: null
2025-11-10 15:40:59 INFO  [http-nio-8080-exec-3] c.l.controller.CategoryController - Received request to fetch all categories with search: null
2025-11-10 15:40:59 INFO  [http-nio-8080-exec-4] c.l.controller.SupplierController - Received request to fetch all suppliers with search: null
2025-11-10 15:40:59 INFO  [http-nio-8080-exec-7] c.l.controller.TransportController - Received request to fetch all transports with search: null
2025-11-10 15:40:59 INFO  [http-nio-8080-exec-4] c.l.controller.SupplierController - Returning 1 supplier(s)
2025-11-10 15:40:59 INFO  [http-nio-8080-exec-3] c.l.controller.CategoryController - Returning 1 category(s)
2025-11-10 15:40:59 INFO  [http-nio-8080-exec-7] c.l.controller.TransportController - Returning 1 transport(s)
2025-11-10 15:40:59 INFO  [http-nio-8080-exec-10] c.l.controller.SubCategoryController - Returning 1 sub category(s)
2025-11-10 15:44:44 INFO  [http-nio-8080-exec-7] c.l.controller.TransportController - Received request to fetch all transports with search: null
2025-11-10 15:44:44 INFO  [http-nio-8080-exec-4] c.l.controller.SupplierController - Received request to fetch all suppliers with search: null
2025-11-10 15:44:44 INFO  [http-nio-8080-exec-7] c.l.controller.TransportController - Returning 1 transport(s)
2025-11-10 15:44:44 INFO  [http-nio-8080-exec-4] c.l.controller.SupplierController - Returning 1 supplier(s)
2025-11-10 15:44:44 INFO  [http-nio-8080-exec-10] c.l.controller.SupplierController - Received request to fetch all suppliers with search: null
2025-11-10 15:44:44 INFO  [http-nio-8080-exec-9] c.l.controller.TransportController - Received request to fetch all transports with search: null
2025-11-10 15:44:44 INFO  [http-nio-8080-exec-9] c.l.controller.TransportController - Returning 1 transport(s)
2025-11-10 15:44:44 INFO  [http-nio-8080-exec-10] c.l.controller.SupplierController - Returning 1 supplier(s)
2025-11-10 15:44:45 INFO  [http-nio-8080-exec-5] c.l.controller.InvoiceController - Retrieve complete invoice details for the ID 1
2025-11-10 15:44:45 INFO  [http-nio-8080-exec-1] c.l.controller.InvoiceController - Retrieve complete invoice details for the ID 1
2025-11-10 15:44:53 INFO  [http-nio-8080-exec-2] c.l.controller.SupplierController - Received request to fetch all suppliers with search: null
2025-11-10 15:44:53 INFO  [http-nio-8080-exec-6] c.l.controller.TransportController - Received request to fetch all transports with search: null
2025-11-10 15:44:53 INFO  [http-nio-8080-exec-6] c.l.controller.TransportController - Returning 1 transport(s)
2025-11-10 15:44:53 INFO  [http-nio-8080-exec-2] c.l.controller.SupplierController - Returning 1 supplier(s)
2025-11-10 15:44:53 INFO  [http-nio-8080-exec-3] c.l.controller.TransportController - Received request to fetch all transports with search: null
2025-11-10 15:44:53 INFO  [http-nio-8080-exec-4] c.l.controller.SupplierController - Received request to fetch all suppliers with search: null
2025-11-10 15:44:53 INFO  [http-nio-8080-exec-3] c.l.controller.TransportController - Returning 1 transport(s)
2025-11-10 15:44:53 INFO  [http-nio-8080-exec-4] c.l.controller.SupplierController - Returning 1 supplier(s)
2025-11-10 15:44:55 INFO  [http-nio-8080-exec-10] c.l.controller.SkillController - Received request to fetch all skills with search: null
2025-11-10 15:44:55 INFO  [http-nio-8080-exec-10] c.l.controller.SkillController - Returning 0 skill(s)
2025-11-10 15:44:55 INFO  [http-nio-8080-exec-8] c.l.controller.SkillController - Received request to fetch all skills with search: null
2025-11-10 15:44:55 INFO  [http-nio-8080-exec-8] c.l.controller.SkillController - Returning 0 skill(s)
2025-11-10 15:44:57 INFO  [http-nio-8080-exec-2] c.l.controller.CategoryController - Received request to fetch all categories with search: null
2025-11-10 15:44:57 INFO  [http-nio-8080-exec-1] c.l.controller.SubCategoryController - Received request to fetch all sub categories with search: null
2025-11-10 15:44:57 INFO  [http-nio-8080-exec-6] c.l.controller.TransportController - Received request to fetch all transports with search: null
2025-11-10 15:44:57 INFO  [http-nio-8080-exec-5] c.l.controller.SupplierController - Received request to fetch all suppliers with search: null
2025-11-10 15:44:57 INFO  [http-nio-8080-exec-6] c.l.controller.TransportController - Returning 1 transport(s)
2025-11-10 15:44:57 INFO  [http-nio-8080-exec-5] c.l.controller.SupplierController - Returning 1 supplier(s)
2025-11-10 15:44:57 INFO  [http-nio-8080-exec-2] c.l.controller.CategoryController - Returning 1 category(s)
2025-11-10 15:44:57 INFO  [http-nio-8080-exec-1] c.l.controller.SubCategoryController - Returning 1 sub category(s)
2025-11-10 15:44:57 INFO  [http-nio-8080-exec-7] c.l.controller.TransportController - Received request to fetch all transports with search: null
2025-11-10 15:44:57 INFO  [http-nio-8080-exec-9] c.l.controller.SubCategoryController - Received request to fetch all sub categories with search: null
2025-11-10 15:44:57 INFO  [http-nio-8080-exec-4] c.l.controller.CategoryController - Received request to fetch all categories with search: null
2025-11-10 15:44:57 INFO  [http-nio-8080-exec-3] c.l.controller.SupplierController - Received request to fetch all suppliers with search: null
2025-11-10 15:44:57 INFO  [http-nio-8080-exec-7] c.l.controller.TransportController - Returning 1 transport(s)
2025-11-10 15:44:57 INFO  [http-nio-8080-exec-9] c.l.controller.SubCategoryController - Returning 1 sub category(s)
2025-11-10 15:44:57 INFO  [http-nio-8080-exec-4] c.l.controller.CategoryController - Returning 1 category(s)
2025-11-10 15:44:57 INFO  [http-nio-8080-exec-3] c.l.controller.SupplierController - Returning 1 supplier(s)
2025-11-10 15:45:02 INFO  [RMI TCP Connection(35)-127.0.0.1] o.s.b.a.SpringApplicationAdminMXBeanRegistrar$SpringApplicationAdmin - Application shutdown requested.
2025-11-10 15:45:02 INFO  [RMI TCP Connection(35)-127.0.0.1] o.s.b.w.e.tomcat.GracefulShutdown - Commencing graceful shutdown. Waiting for active requests to complete
2025-11-10 15:45:02 INFO  [tomcat-shutdown] o.s.b.w.e.tomcat.GracefulShutdown - Graceful shutdown complete
2025-11-10 15:45:02 INFO  [RMI TCP Connection(35)-127.0.0.1] o.s.o.j.LocalContainerEntityManagerFactoryBean - Closing JPA EntityManagerFactory for persistence unit 'default'
2025-11-10 15:45:02 INFO  [RMI TCP Connection(35)-127.0.0.1] com.zaxxer.hikari.HikariDataSource - HikariPool-1 - Shutdown initiated...
2025-11-10 15:45:02 INFO  [RMI TCP Connection(35)-127.0.0.1] com.zaxxer.hikari.HikariDataSource - HikariPool-1 - Shutdown completed.
